<?xml version="1.0" encoding="UTF-8"?>
<!-- Generated by org.testng.reporters.JUnitReportReporter -->
<testsuite hostname="ankurloktra-Inspiron-15-3567" failures="0" tests="1" name="Base.BaseClass" time="0.007" errors="0" timestamp="2019-11-22T20:19:26 IST" skipped="0">
  <testcase classname="Base.BaseClass" name="test" time="0.007"/>
</testsuite> <!-- Base.BaseClass -->
