<?xml version="1.0" encoding="UTF-8"?>
<!-- Generated by org.testng.reporters.JUnitReportReporter -->
<testsuite hostname="ankurloktra-Inspiron-15-3567" failures="0" tests="1" name="tests.BaseClass" time="0.006" errors="0" timestamp="2019-11-22T18:53:14 IST" skipped="0">
  <testcase classname="tests.BaseClass" name="test" time="0.006"/>
</testsuite> <!-- tests.BaseClass -->
